# JRE version: OpenJDK Runtime Environment (8.0_222-b10) (build 1.8.0_222-8u222-b10-1~deb9u1-b10)
# Java VM: OpenJDK 64-Bit Server VM (25.222-b10 mixed mode linux-amd64 compressed oops)
Heap:
 PSYoungGen      total 342016K, used 1859K [0x00000000eab00000, 0x0000000100000000, 0x0000000100000000)
  eden space 334848K, 0% used [0x00000000eab00000,0x00000000eac28c00,0x00000000ff200000)
  from space 7168K, 9% used [0x00000000ff200000,0x00000000ff2a8000,0x00000000ff900000)
  to   space 7168K, 0% used [0x00000000ff900000,0x00000000ff900000,0x0000000100000000)
 ParOldGen       total 699392K, used 225964K [0x00000000c0000000, 0x00000000eab00000, 0x00000000eab00000)
  object space 699392K, 32% used [0x00000000c0000000,0x00000000cdcab110,0x00000000eab00000)
 Metaspace       used 84566K, capacity 93404K, committed 93952K, reserved 1130496K
  class space    used 9639K, capacity 11918K, committed 12032K, reserved 1048576K
GC Heap History (10 events):
Event: 409796.372 GC heap before
{Heap before GC invocations=8004 (full 5):
 PSYoungGen      total 341504K, used 336576K [0x00000000eab00000, 0x00000000fff00000, 0x0000000100000000)
  eden space 335872K, 100% used [0x00000000eab00000,0x00000000ff300000,0x00000000ff300000)
  from space 5632K, 12% used [0x00000000ff980000,0x00000000ffa30000,0x00000000fff00000)
  to   space 6144K, 0% used [0x00000000ff300000,0x00000000ff300000,0x00000000ff900000)
 ParOldGen       total 699392K, used 221328K [0x00000000c0000000, 0x00000000eab00000, 0x00000000eab00000)
  object space 699392K, 31% used [0x00000000c0000000,0x00000000cd824240,0x00000000eab00000)
 Metaspace       used 84566K, capacity 93404K, committed 93952K, reserved 1130496K
  class space    used 9639K, capacity 11918K, committed 12032K, reserved 1048576K
Event: 409796.399 GC heap after
Heap after GC invocations=8004 (full 5):
 PSYoungGen      total 342016K, used 672K [0x00000000eab00000, 0x0000000100000000, 0x0000000100000000)
  eden space 335872K, 0% used [0x00000000eab00000,0x00000000eab00000,0x00000000ff300000)
  from space 6144K, 10% used [0x00000000ff300000,0x00000000ff3a8000,0x00000000ff900000)
  to   space 6144K, 0% used [0x00000000ffa00000,0x00000000ffa00000,0x0000000100000000)
 ParOldGen       total 699392K, used 221520K [0x00000000c0000000, 0x00000000eab00000, 0x00000000eab00000)
  object space 699392K, 31% used [0x00000000c0000000,0x00000000cd854240,0x00000000eab00000)
 Metaspace       used 84566K, capacity 93404K, committed 93952K, reserved 1130496K
  class space    used 9639K, capacity 11918K, committed 12032K, reserved 1048576K
}
Event: 409856.542 GC heap before
{Heap before GC invocations=8005 (full 5):
 PSYoungGen      total 342016K, used 336544K [0x00000000eab00000, 0x0000000100000000, 0x0000000100000000)
  eden space 335872K, 100% used [0x00000000eab00000,0x00000000ff300000,0x00000000ff300000)
  from space 6144K, 10% used [0x00000000ff300000,0x00000000ff3a8000,0x00000000ff900000)
  to   space 6144K, 0% used [0x00000000ffa00000,0x00000000ffa00000,0x0000000100000000)
 ParOldGen       total 699392K, used 221520K [0x00000000c0000000, 0x00000000eab00000, 0x00000000eab00000)
  object space 699392K, 31% used [0x00000000c0000000,0x00000000cd854240,0x00000000eab00000)
 Metaspace       used 84566K, capacity 93404K, committed 93952K, reserved 1130496K
  class space    used 9639K, capacity 11918K, committed 12032K, reserved 1048576K
Event: 409856.567 GC heap after
Heap after GC invocations=8005 (full 5):
 PSYoungGen      total 342016K, used 672K [0x00000000eab00000, 0x00000000fff00000, 0x0000000100000000)
  eden space 336896K, 0% used [0x00000000eab00000,0x00000000eab00000,0x00000000ff400000)
  from space 5120K, 13% used [0x00000000ffa00000,0x00000000ffaa8000,0x00000000fff00000)
  to   space 5632K, 0% used [0x00000000ff400000,0x00000000ff400000,0x00000000ff980000)
 ParOldGen       total 699392K, used 221688K [0x00000000c0000000, 0x00000000eab00000, 0x00000000eab00000)
  object space 699392K, 31% used [0x00000000c0000000,0x00000000cd87e240,0x00000000eab00000)
 Metaspace       used 84566K, capacity 93404K, committed 93952K, reserved 1130496K
  class space    used 9639K, capacity 11918K, committed 12032K, reserved 1048576K
}
Event: 410206.959 GC heap before
{Heap before GC invocations=8006 (full 5):
 PSYoungGen      total 342016K, used 337568K [0x00000000eab00000, 0x00000000fff00000, 0x0000000100000000)
  eden space 336896K, 100% used [0x00000000eab00000,0x00000000ff400000,0x00000000ff400000)
  from space 5120K, 13% used [0x00000000ffa00000,0x00000000ffaa8000,0x00000000fff00000)
  to   space 5632K, 0% used [0x00000000ff400000,0x00000000ff400000,0x00000000ff980000)
 ParOldGen       total 699392K, used 221688K [0x00000000c0000000, 0x00000000eab00000, 0x00000000eab00000)
  object space 699392K, 31% used [0x00000000c0000000,0x00000000cd87e240,0x00000000eab00000)
 Metaspace       used 84566K, capacity 93404K, committed 93952K, reserved 1130496K
  class space    used 9639K, capacity 11918K, committed 12032K, reserved 1048576K
Event: 410207.294 GC heap after
Heap after GC invocations=8006 (full 5):
 PSYoungGen      total 342528K, used 5600K [0x00000000eab00000, 0x0000000100000000, 0x0000000100000000)
  eden space 336896K, 0% used [0x00000000eab00000,0x00000000eab00000,0x00000000ff400000)
  from space 5632K, 99% used [0x00000000ff400000,0x00000000ff978040,0x00000000ff980000)
  to   space 6656K, 0% used [0x00000000ff980000,0x00000000ff980000,0x0000000100000000)
 ParOldGen       total 699392K, used 222032K [0x00000000c0000000, 0x00000000eab00000, 0x00000000eab00000)
  object space 699392K, 31% used [0x00000000c0000000,0x00000000cd8d4240,0x00000000eab00000)
 Metaspace       used 84566K, capacity 93404K, committed 93952K, reserved 1130496K
  class space    used 9639K, capacity 11918K, committed 12032K, reserved 1048576K
}
Event: 410676.269 GC heap before
{Heap before GC invocations=8007 (full 5):
 PSYoungGen      total 342528K, used 342496K [0x00000000eab00000, 0x0000000100000000, 0x0000000100000000)
  eden space 336896K, 100% used [0x00000000eab00000,0x00000000ff400000,0x00000000ff400000)
  from space 5632K, 99% used [0x00000000ff400000,0x00000000ff978040,0x00000000ff980000)
  to   space 6656K, 0% used [0x00000000ff980000,0x00000000ff980000,0x0000000100000000)
 ParOldGen       total 699392K, used 222032K [0x00000000c0000000, 0x00000000eab00000, 0x00000000eab00000)
  object space 699392K, 31% used [0x00000000c0000000,0x00000000cd8d4240,0x00000000eab00000)
 Metaspace       used 84566K, capacity 93404K, committed 93952K, reserved 1130496K
  class space    used 9639K, capacity 11918K, committed 12032K, reserved 1048576K
Event: 410676.350 GC heap after
Heap after GC invocations=8007 (full 5):
 PSYoungGen      total 341504K, used 4320K [0x00000000eab00000, 0x0000000100000000, 0x0000000100000000)
  eden space 334848K, 0% used [0x00000000eab00000,0x00000000eab00000,0x00000000ff200000)
  from space 6656K, 64% used [0x00000000ff980000,0x00000000ffdb8000,0x0000000100000000)
  to   space 7168K, 0% used [0x00000000ff200000,0x00000000ff200000,0x00000000ff900000)
 ParOldGen       total 699392K, used 222256K [0x00000000c0000000, 0x00000000eab00000, 0x00000000eab00000)
  object space 699392K, 31% used [0x00000000c0000000,0x00000000cd90c240,0x00000000eab00000)
 Metaspace       used 84566K, capacity 93404K, committed 93952K, reserved 1130496K
  class space    used 9639K, capacity 11918K, committed 12032K, reserved 1048576K
}
Event: 410789.286 GC heap before
{Heap before GC invocations=8008 (full 5):
 PSYoungGen      total 341504K, used 339168K [0x00000000eab00000, 0x0000000100000000, 0x0000000100000000)
  eden space 334848K, 100% used [0x00000000eab00000,0x00000000ff200000,0x00000000ff200000)
  from space 6656K, 64% used [0x00000000ff980000,0x00000000ffdb8000,0x0000000100000000)
  to   space 7168K, 0% used [0x00000000ff200000,0x00000000ff200000,0x00000000ff900000)
 ParOldGen       total 699392K, used 222256K [0x00000000c0000000, 0x00000000eab00000, 0x00000000eab00000)
  object space 699392K, 31% used [0x00000000c0000000,0x00000000cd90c240,0x00000000eab00000)
 Metaspace       used 84566K, capacity 93404K, committed 93952K, reserved 1130496K
  class space    used 9639K, capacity 11918K, committed 12032K, reserved 1048576K
Event: 410807.145 GC heap after
Heap after GC invocations=8008 (full 5):
 PSYoungGen      total 342016K, used 672K [0x00000000eab00000, 0x0000000100000000, 0x0000000100000000)
  eden space 334848K, 0% used [0x00000000eab00000,0x00000000eab00000,0x00000000ff200000)
  from space 7168K, 9% used [0x00000000ff200000,0x00000000ff2a8000,0x00000000ff900000)
  to   space 7168K, 0% used [0x00000000ff900000,0x00000000ff900000,0x0000000100000000)
 ParOldGen       total 699392K, used 225964K [0x00000000c0000000, 0x00000000eab00000, 0x00000000eab00000)
  object space 699392K, 32% used [0x00000000c0000000,0x00000000cdcab110,0x00000000eab00000)
 Metaspace       used 84566K, capacity 93404K, committed 93952K, reserved 1130496K
  class space    used 9639K, capacity 11918K, committed 12032K, reserved 1048576K
}

